{"/Users/leoncross/src/personal-projects/aws-env-variables/src/logging/helpers.ts": {"path":"/Users/leoncross/src/personal-projects/aws-env-variables/src/logging/helpers.ts","statementMap":{"0":{"start":{"line":3,"column":24},"end":{"line":3,"column":45}},"1":{"start":{"line":4,"column":24},"end":{"line":4,"column":45}},"2":{"start":{"line":6,"column":26},"end":{"line":11,"column":1}},"3":{"start":{"line":7,"column":2},"end":{"line":9,"column":null}},"4":{"start":{"line":8,"column":4},"end":{"line":8,"column":93}},"5":{"start":{"line":10,"column":2},"end":{"line":10,"column":68}},"6":{"start":{"line":22,"column":2},"end":{"line":22,"column":19}},"7":{"start":{"line":13,"column":25},"end":{"line":15,"column":1}},"8":{"start":{"line":14,"column":2},"end":{"line":14,"column":43}},"9":{"start":{"line":23,"column":2},"end":{"line":23,"column":18}},"10":{"start":{"line":17,"column":27},"end":{"line":19,"column":1}},"11":{"start":{"line":18,"column":2},"end":{"line":18,"column":91}},"12":{"start":{"line":24,"column":2},"end":{"line":24,"column":20}}},"fnMap":{"0":{"name":"(anonymous_0)","decl":{"start":{"line":6,"column":26},"end":{"line":6,"column":27}},"loc":{"start":{"line":6,"column":63},"end":{"line":11,"column":1}}},"1":{"name":"(anonymous_1)","decl":{"start":{"line":13,"column":25},"end":{"line":13,"column":26}},"loc":{"start":{"line":13,"column":41},"end":{"line":15,"column":1}}},"2":{"name":"(anonymous_2)","decl":{"start":{"line":17,"column":27},"end":{"line":17,"column":28}},"loc":{"start":{"line":17,"column":43},"end":{"line":19,"column":1}}}},"branchMap":{"0":{"loc":{"start":{"line":7,"column":2},"end":{"line":9,"column":null}},"type":"if","locations":[{"start":{"line":7,"column":2},"end":{"line":9,"column":null}}]},"1":{"loc":{"start":{"line":7,"column":6},"end":{"line":7,"column":23}},"type":"binary-expr","locations":[{"start":{"line":7,"column":6},"end":{"line":7,"column":15}},{"start":{"line":7,"column":19},"end":{"line":7,"column":23}}]}},"s":{"0":3,"1":3,"2":3,"3":2,"4":1,"5":1,"6":3,"7":3,"8":1,"9":3,"10":3,"11":1,"12":3},"f":{"0":2,"1":1,"2":1},"b":{"0":[1],"1":[2,2]}}
,"/Users/leoncross/src/personal-projects/aws-env-variables/src/services/secretsManager.ts": {"path":"/Users/leoncross/src/personal-projects/aws-env-variables/src/services/secretsManager.ts","statementMap":{"0":{"start":{"line":1,"column":0},"end":{"line":1,"column":26}},"1":{"start":{"line":2,"column":0},"end":{"line":2,"column":49}},"2":{"start":{"line":5,"column":23},"end":{"line":30,"column":1}},"3":{"start":{"line":6,"column":2},"end":{"line":8,"column":null}},"4":{"start":{"line":7,"column":4},"end":{"line":7,"column":11}},"5":{"start":{"line":9,"column":17},"end":{"line":13,"column":4}},"6":{"start":{"line":15,"column":2},"end":{"line":29,"column":5}},"7":{"start":{"line":16,"column":4},"end":{"line":18,"column":null}},"8":{"start":{"line":17,"column":6},"end":{"line":17,"column":16}},"9":{"start":{"line":21,"column":4},"end":{"line":26,"column":null}},"10":{"start":{"line":22,"column":6},"end":{"line":22,"column":34}},"11":{"start":{"line":23,"column":11},"end":{"line":26,"column":null}},"12":{"start":{"line":24,"column":19},"end":{"line":24,"column":59}},"13":{"start":{"line":25,"column":6},"end":{"line":25,"column":39}},"14":{"start":{"line":28,"column":4},"end":{"line":28,"column":69}},"15":{"start":{"line":32,"column":0},"end":{"line":32,"column":30}}},"fnMap":{"0":{"name":"(anonymous_1)","decl":{"start":{"line":5,"column":23},"end":{"line":5,"column":28}},"loc":{"start":{"line":5,"column":60},"end":{"line":30,"column":1}}},"1":{"name":"(anonymous_2)","decl":{"start":{"line":15,"column":70},"end":{"line":15,"column":71}},"loc":{"start":{"line":15,"column":84},"end":{"line":29,"column":3}}}},"branchMap":{"0":{"loc":{"start":{"line":6,"column":2},"end":{"line":8,"column":null}},"type":"if","locations":[{"start":{"line":6,"column":2},"end":{"line":8,"column":null}}]},"1":{"loc":{"start":{"line":16,"column":4},"end":{"line":18,"column":null}},"type":"if","locations":[{"start":{"line":16,"column":4},"end":{"line":18,"column":null}}]},"2":{"loc":{"start":{"line":21,"column":4},"end":{"line":26,"column":null}},"type":"if","locations":[{"start":{"line":21,"column":4},"end":{"line":26,"column":null}},{"start":{"line":23,"column":11},"end":{"line":26,"column":null}}]},"3":{"loc":{"start":{"line":23,"column":11},"end":{"line":26,"column":null}},"type":"if","locations":[{"start":{"line":23,"column":11},"end":{"line":26,"column":null}}]}},"s":{"0":1,"1":1,"2":1,"3":6,"4":1,"5":5,"6":5,"7":3,"8":1,"9":2,"10":1,"11":1,"12":1,"13":1,"14":2,"15":1},"f":{"0":6,"1":3},"b":{"0":[1],"1":[1],"2":[1,1],"3":[1]}}
,"/Users/leoncross/src/personal-projects/aws-env-variables/src/services/ssmParamStore.ts": {"path":"/Users/leoncross/src/personal-projects/aws-env-variables/src/services/ssmParamStore.ts","statementMap":{"0":{"start":{"line":1,"column":0},"end":{"line":1,"column":26}},"1":{"start":{"line":2,"column":0},"end":{"line":2,"column":20}},"2":{"start":{"line":3,"column":0},"end":{"line":3,"column":49}},"3":{"start":{"line":5,"column":0},"end":{"line":5,"column":56}},"4":{"start":{"line":7,"column":21},"end":{"line":12,"column":20}},"5":{"start":{"line":7,"column":67},"end":{"line":12,"column":20}},"6":{"start":{"line":11,"column":20},"end":{"line":11,"column":44}},"7":{"start":{"line":12,"column":15},"end":{"line":12,"column":19}},"8":{"start":{"line":14,"column":22},"end":{"line":41,"column":1}},"9":{"start":{"line":15,"column":2},"end":{"line":17,"column":null}},"10":{"start":{"line":16,"column":4},"end":{"line":16,"column":11}},"11":{"start":{"line":19,"column":17},"end":{"line":23,"column":4}},"12":{"start":{"line":25,"column":24},"end":{"line":25,"column":75}},"13":{"start":{"line":26,"column":57},"end":{"line":26,"column":59}},"14":{"start":{"line":29,"column":2},"end":{"line":39,"column":null}},"15":{"start":{"line":30,"column":25},"end":{"line":30,"column":50}},"16":{"start":{"line":32,"column":22},"end":{"line":36,"column":6}},"17":{"start":{"line":33,"column":6},"end":{"line":35,"column":null}},"18":{"start":{"line":34,"column":8},"end":{"line":34,"column":32}},"19":{"start":{"line":38,"column":4},"end":{"line":38,"column":51}},"20":{"start":{"line":40,"column":2},"end":{"line":40,"column":72}},"21":{"start":{"line":43,"column":0},"end":{"line":43,"column":29}}},"fnMap":{"0":{"name":"(anonymous_1)","decl":{"start":{"line":7,"column":21},"end":{"line":7,"column":26}},"loc":{"start":{"line":7,"column":67},"end":{"line":12,"column":20}}},"1":{"name":"(anonymous_2)","decl":{"start":{"line":11,"column":8},"end":{"line":11,"column":9}},"loc":{"start":{"line":11,"column":19},"end":{"line":11,"column":44}}},"2":{"name":"(anonymous_3)","decl":{"start":{"line":12,"column":9},"end":{"line":12,"column":12}},"loc":{"start":{"line":12,"column":15},"end":{"line":12,"column":19}}},"3":{"name":"(anonymous_4)","decl":{"start":{"line":14,"column":22},"end":{"line":14,"column":27}},"loc":{"start":{"line":14,"column":59},"end":{"line":41,"column":1}}},"4":{"name":"(anonymous_5)","decl":{"start":{"line":32,"column":62},"end":{"line":32,"column":63}},"loc":{"start":{"line":32,"column":70},"end":{"line":36,"column":5}}}},"branchMap":{"0":{"loc":{"start":{"line":11,"column":20},"end":{"line":11,"column":43}},"type":"cond-expr","locations":[{"start":{"line":11,"column":36},"end":{"line":11,"column":38}},{"start":{"line":11,"column":36},"end":{"line":11,"column":43}}]},"1":{"loc":{"start":{"line":11,"column":20},"end":{"line":11,"column":38}},"type":"binary-expr","locations":[{"start":{"line":11,"column":20},"end":{"line":11,"column":38}},{"start":{"line":11,"column":36},"end":{"line":11,"column":38}}]},"2":{"loc":{"start":{"line":15,"column":2},"end":{"line":17,"column":null}},"type":"if","locations":[{"start":{"line":15,"column":2},"end":{"line":17,"column":null}}]},"3":{"loc":{"start":{"line":33,"column":6},"end":{"line":35,"column":null}},"type":"if","locations":[{"start":{"line":33,"column":6},"end":{"line":35,"column":null}}]},"4":{"loc":{"start":{"line":38,"column":31},"end":{"line":38,"column":50}},"type":"binary-expr","locations":[{"start":{"line":38,"column":31},"end":{"line":38,"column":40}},{"start":{"line":38,"column":44},"end":{"line":38,"column":50}}]}},"s":{"0":1,"1":1,"2":1,"3":1,"4":1,"5":5,"6":2,"7":1,"8":1,"9":6,"10":1,"11":5,"12":5,"13":5,"14":5,"15":5,"16":5,"17":2,"18":2,"19":5,"20":5,"21":1},"f":{"0":5,"1":2,"2":1,"3":6,"4":2},"b":{"0":[1,1],"1":[2,2],"2":[1],"3":[2],"4":[5,4]}}
,"/Users/leoncross/src/personal-projects/aws-env-variables/src/utils/getArguments.ts": {"path":"/Users/leoncross/src/personal-projects/aws-env-variables/src/utils/getArguments.ts","statementMap":{"0":{"start":{"line":2,"column":0},"end":{"line":2,"column":54}},"1":{"start":{"line":4,"column":44},"end":{"line":9,"column":2}},"2":{"start":{"line":11,"column":21},"end":{"line":32,"column":1}},"3":{"start":{"line":12,"column":41},"end":{"line":13,"column":39}},"4":{"start":{"line":15,"column":24},"end":{"line":15,"column":53}},"5":{"start":{"line":17,"column":24},"end":{"line":29,"column":22}},"6":{"start":{"line":18,"column":4},"end":{"line":27,"column":null}},"7":{"start":{"line":19,"column":27},"end":{"line":21,"column":56}},"8":{"start":{"line":22,"column":6},"end":{"line":26,"column":null}},"9":{"start":{"line":23,"column":8},"end":{"line":23,"column":25}},"10":{"start":{"line":25,"column":8},"end":{"line":25,"column":30}},"11":{"start":{"line":28,"column":4},"end":{"line":28,"column":15}},"12":{"start":{"line":31,"column":2},"end":{"line":31,"column":56}},"13":{"start":{"line":34,"column":0},"end":{"line":34,"column":28}}},"fnMap":{"0":{"name":"(anonymous_0)","decl":{"start":{"line":11,"column":21},"end":{"line":11,"column":24}},"loc":{"start":{"line":11,"column":26},"end":{"line":32,"column":1}}},"1":{"name":"(anonymous_1)","decl":{"start":{"line":17,"column":47},"end":{"line":17,"column":48}},"loc":{"start":{"line":17,"column":65},"end":{"line":29,"column":3}}}},"branchMap":{"0":{"loc":{"start":{"line":18,"column":4},"end":{"line":27,"column":null}},"type":"if","locations":[{"start":{"line":18,"column":4},"end":{"line":27,"column":null}}]},"1":{"loc":{"start":{"line":22,"column":6},"end":{"line":26,"column":null}},"type":"if","locations":[{"start":{"line":22,"column":6},"end":{"line":26,"column":null}},{"start":{"line":24,"column":13},"end":{"line":26,"column":null}}]}},"s":{"0":1,"1":1,"2":1,"3":3,"4":3,"5":3,"6":3,"7":3,"8":3,"9":2,"10":1,"11":3,"12":3,"13":1},"f":{"0":3,"1":3},"b":{"0":[3],"1":[2,1]}}
,"/Users/leoncross/src/personal-projects/aws-env-variables/src/utils/writeEnvFile.ts": {"path":"/Users/leoncross/src/personal-projects/aws-env-variables/src/utils/writeEnvFile.ts","statementMap":{"0":{"start":{"line":1,"column":11},"end":{"line":1,"column":24}},"1":{"start":{"line":3,"column":21},"end":{"line":14,"column":1}},"2":{"start":{"line":4,"column":32},"end":{"line":7,"column":26}},"3":{"start":{"line":9,"column":2},"end":{"line":13,"column":5}},"4":{"start":{"line":10,"column":4},"end":{"line":12,"column":null}},"5":{"start":{"line":11,"column":6},"end":{"line":11,"column":23}},"6":{"start":{"line":16,"column":0},"end":{"line":16,"column":28}}},"fnMap":{"0":{"name":"(anonymous_0)","decl":{"start":{"line":3,"column":21},"end":{"line":3,"column":22}},"loc":{"start":{"line":3,"column":72},"end":{"line":14,"column":1}}},"1":{"name":"(anonymous_1)","decl":{"start":{"line":9,"column":59},"end":{"line":9,"column":60}},"loc":{"start":{"line":9,"column":87},"end":{"line":13,"column":3}}}},"branchMap":{"0":{"loc":{"start":{"line":10,"column":4},"end":{"line":12,"column":null}},"type":"if","locations":[{"start":{"line":10,"column":4},"end":{"line":12,"column":null}}]}},"s":{"0":3,"1":3,"2":2,"3":2,"4":1,"5":1,"6":3},"f":{"0":2,"1":1},"b":{"0":[1]}}
}
