TN:
SF:src/logging/helpers.ts
FN:6,(anonymous_0)
FN:13,(anonymous_1)
FN:17,(anonymous_2)
FNF:3
FNH:3
FNDA:2,(anonymous_0)
FNDA:1,(anonymous_1)
FNDA:1,(anonymous_2)
DA:3,3
DA:4,3
DA:6,3
DA:7,2
DA:8,1
DA:10,1
DA:13,3
DA:14,1
DA:17,3
DA:18,1
DA:22,3
DA:23,3
DA:24,3
LF:13
LH:13
BRDA:7,0,0,1
BRDA:7,1,0,2
BRDA:7,1,1,2
BRF:3
BRH:3
end_of_record
TN:
SF:src/services/secretsManager.ts
FN:5,(anonymous_1)
FN:15,(anonymous_2)
FNF:2
FNH:2
FNDA:6,(anonymous_1)
FNDA:3,(anonymous_2)
DA:1,1
DA:2,1
DA:5,1
DA:6,6
DA:7,1
DA:9,5
DA:15,5
DA:16,3
DA:17,1
DA:21,2
DA:22,1
DA:23,1
DA:24,1
DA:25,1
DA:28,2
DA:32,1
LF:16
LH:16
BRDA:6,0,0,1
BRDA:16,1,0,1
BRDA:21,2,0,1
BRDA:21,2,1,1
BRDA:23,3,0,1
BRF:5
BRH:5
end_of_record
TN:
SF:src/services/ssmParamStore.ts
FN:7,(anonymous_1)
FN:11,(anonymous_2)
FN:12,(anonymous_3)
FN:14,(anonymous_4)
FN:32,(anonymous_5)
FNF:5
FNH:5
FNDA:5,(anonymous_1)
FNDA:2,(anonymous_2)
FNDA:1,(anonymous_3)
FNDA:6,(anonymous_4)
FNDA:2,(anonymous_5)
DA:1,1
DA:2,1
DA:3,1
DA:5,1
DA:7,5
DA:11,2
DA:12,1
DA:14,1
DA:15,6
DA:16,1
DA:19,5
DA:25,5
DA:26,5
DA:29,5
DA:30,5
DA:32,5
DA:33,2
DA:34,2
DA:38,5
DA:40,5
DA:43,1
LF:21
LH:21
BRDA:11,0,0,1
BRDA:11,0,1,1
BRDA:11,1,0,2
BRDA:11,1,1,2
BRDA:15,2,0,1
BRDA:33,3,0,2
BRDA:38,4,0,5
BRDA:38,4,1,4
BRF:8
BRH:8
end_of_record
TN:
SF:src/utils/getArguments.ts
FN:11,(anonymous_0)
FN:17,(anonymous_1)
FNF:2
FNH:2
FNDA:3,(anonymous_0)
FNDA:3,(anonymous_1)
DA:2,1
DA:4,1
DA:11,1
DA:12,3
DA:15,3
DA:17,3
DA:18,3
DA:19,3
DA:22,3
DA:23,2
DA:25,1
DA:28,3
DA:31,3
DA:34,1
LF:14
LH:14
BRDA:18,0,0,3
BRDA:22,1,0,2
BRDA:22,1,1,1
BRF:3
BRH:3
end_of_record
TN:
SF:src/utils/writeEnvFile.ts
FN:3,(anonymous_0)
FN:9,(anonymous_1)
FNF:2
FNH:2
FNDA:2,(anonymous_0)
FNDA:1,(anonymous_1)
DA:1,3
DA:3,3
DA:4,2
DA:9,2
DA:10,1
DA:11,1
DA:16,3
LF:7
LH:7
BRDA:10,0,0,1
BRF:1
BRH:1
end_of_record
